<?xml version="1.0" encoding="UTF-8"?>
<!-- Generated by org.testng.reporters.JUnitReportReporter -->
<testsuite hostname="DESKTOP-4ENR57E" failures="0" tests="1" name="com.practise.IncognitoModelTest" time="96.108" errors="0" timestamp="2024-10-05T15:49:36 IST" skipped="0">
  <testcase classname="com.practise.IncognitoModelTest" name="incognitoModelTest" time="96.108"/>
</testsuite> <!-- com.practise.IncognitoModelTest -->
